2025-12-29 16:45:55 | INFO | Namespace(seed=0)
2025-12-29 16:46:40 | INFO | Namespace(seed=0)
2025-12-29 16:50:17 | INFO | Namespace(seed=0)
2025-12-29 16:51:18 | INFO | Namespace(seed=0)
2025-12-29 16:51:48 | INFO | Namespace(seed=0)
2025-12-29 16:59:31 | INFO | Namespace(seed=0)
2025-12-29 17:02:44 | INFO | Namespace(seed=0)
2025-12-29 17:02:55 | INFO | Namespace(seed=2)
2025-12-29 17:04:56 | INFO | Namespace(seed=2)
2025-12-29 17:05:02 | WARNING | SAVED 'data/updated_baselines_2seed/xai_combined_df_150_examples_2seed.csv'
2025-12-29 17:08:13 | INFO | Namespace(seed=42)
2025-12-29 17:10:09 | INFO | Namespace(seed=42)
2025-12-29 18:31:57 | WARNING | SAVED 'data/updated_baselines_42seed/xai_combined_df_150_examples_42seed.csv'
2025-12-29 18:32:03 | INFO | Namespace(seed=0)
2025-12-29 19:52:45 | WARNING | SAVED 'data/updated_baselines_0seed/xai_combined_df_150_examples_0seed.csv'
2025-12-29 19:52:51 | INFO | Namespace(seed=1)
2025-12-29 21:13:01 | WARNING | SAVED 'data/updated_baselines_1seed/xai_combined_df_150_examples_1seed.csv'
2025-12-29 21:13:07 | INFO | Namespace(seed=123)
2025-12-29 22:33:14 | WARNING | SAVED 'data/updated_baselines_123seed/xai_combined_df_150_examples_123seed.csv'
2025-12-29 22:33:20 | INFO | Namespace(seed=1234)
2025-12-29 23:52:49 | WARNING | SAVED 'data/updated_baselines_1234seed/xai_combined_df_150_examples_1234seed.csv'
2025-12-29 23:52:54 | INFO | Namespace(seed=2023)
2025-12-30 01:12:53 | WARNING | SAVED 'data/updated_baselines_2023seed/xai_combined_df_150_examples_2023seed.csv'
2025-12-30 01:12:59 | INFO | Namespace(seed=2024)
2025-12-30 02:33:07 | WARNING | SAVED 'data/updated_baselines_2024seed/xai_combined_df_150_examples_2024seed.csv'
2025-12-30 02:33:13 | INFO | Namespace(seed=7)
2025-12-30 03:53:45 | WARNING | SAVED 'data/updated_baselines_7seed/xai_combined_df_150_examples_7seed.csv'
2025-12-30 03:53:50 | INFO | Namespace(seed=10)
2025-12-30 05:15:00 | WARNING | SAVED 'data/updated_baselines_10seed/xai_combined_df_150_examples_10seed.csv'
2025-12-30 05:15:06 | INFO | Namespace(seed=99)
2025-12-30 06:36:00 | WARNING | SAVED 'data/updated_baselines_99seed/xai_combined_df_150_examples_99seed.csv'
2025-12-30 08:21:22 | INFO | Namespace(seed=5555)
2025-12-30 09:43:19 | WARNING | SAVED 'data/updated_baselines_5555seed/xai_combined_df_150_examples_5555seed.csv'
2025-12-30 18:29:28 | INFO | Namespace(seed=5)
2025-12-30 19:49:28 | WARNING | SAVED 'data/updated_baselines_5seed/xai_combined_df_150_examples_5seed.csv'
2025-12-30 19:49:34 | INFO | Namespace(seed=888)
2025-12-30 21:09:45 | WARNING | SAVED 'data/updated_baselines_888seed/xai_combined_df_150_examples_888seed.csv'
2025-12-30 21:09:51 | INFO | Namespace(seed=3407)
2025-12-30 22:29:44 | WARNING | SAVED 'data/updated_baselines_3407seed/xai_combined_df_150_examples_3407seed.csv'
2025-12-30 22:29:49 | INFO | Namespace(seed=1001)
2025-12-30 23:50:25 | WARNING | SAVED 'data/updated_baselines_1001seed/xai_combined_df_150_examples_1001seed.csv'
2025-12-30 23:50:30 | INFO | Namespace(seed=5555)
2025-12-31 01:11:12 | WARNING | SAVED 'data/updated_baselines_5555seed/xai_combined_df_150_examples_5555seed.csv'
2025-12-31 01:11:18 | INFO | Namespace(seed=13)
2025-12-31 02:32:05 | WARNING | SAVED 'data/updated_baselines_13seed/xai_combined_df_150_examples_13seed.csv'
2025-12-31 02:32:10 | INFO | Namespace(seed=21)
2025-12-31 03:52:20 | WARNING | SAVED 'data/updated_baselines_21seed/xai_combined_df_150_examples_21seed.csv'
2025-12-31 03:52:26 | INFO | Namespace(seed=256)
2025-12-31 05:12:58 | WARNING | SAVED 'data/updated_baselines_256seed/xai_combined_df_150_examples_256seed.csv'
2025-12-31 05:13:04 | INFO | Namespace(seed=512)
2025-12-31 06:33:05 | WARNING | SAVED 'data/updated_baselines_512seed/xai_combined_df_150_examples_512seed.csv'
2025-12-31 06:33:11 | INFO | Namespace(seed=1024)
2025-12-31 07:53:35 | WARNING | SAVED 'data/updated_baselines_1024seed/xai_combined_df_150_examples_1024seed.csv'
2025-12-31 07:53:41 | INFO | Namespace(seed=2048)
2025-12-31 09:14:19 | WARNING | SAVED 'data/updated_baselines_2048seed/xai_combined_df_150_examples_2048seed.csv'
2025-12-31 09:14:25 | INFO | Namespace(seed=1111)
2025-12-31 10:34:33 | WARNING | SAVED 'data/updated_baselines_1111seed/xai_combined_df_150_examples_1111seed.csv'
2025-12-31 10:34:38 | INFO | Namespace(seed=2222)
2026-01-02 11:14:13 | INFO | Namespace(seed=0)
2026-01-02 11:14:23 | INFO | Use pytorch device_name: mps
2026-01-02 11:14:55 | INFO | Namespace(seed=0)
2026-01-02 11:22:52 | INFO | Namespace(seed=42)
2026-01-02 11:24:45 | INFO | Namespace(seed=42)
2026-01-02 11:24:47 | INFO | EXAMPLES: 148
2026-01-02 11:25:17 | INFO | Namespace(seed=0)
2026-01-02 11:25:19 | INFO | EXAMPLES: 148
2026-01-02 11:42:26 | INFO | Namespace(seed=42)
2026-01-02 12:00:56 | INFO | Namespace(seed=42)
2026-01-02 13:18:29 | WARNING | SAVED 'data/updated_baselines_test/xai_combined_df_150_examples_42seed_all_explanations.csv'
2026-01-02 13:32:42 | INFO | Namespace(seed=0)
2026-01-02 13:33:16 | INFO | Namespace(seed=0)
2026-01-02 13:33:58 | INFO | Namespace(seed=0)
2026-01-02 13:46:43 | INFO | Namespace(seed=0)
